<?xml version="1.0" encoding="UTF-8"?>
<testng-results ignored="0" total="7" passed="6" failed="1" skipped="0">
  <reporter-output>
  </reporter-output>
  <suite started-at="2023-02-02T22:53:22 BDT" name="Suite" finished-at="2023-02-02T22:55:41 BDT" duration-ms="138304">
    <groups>
    </groups>
    <test started-at="2023-02-02T22:53:22 BDT" name="Test" finished-at="2023-02-02T22:55:41 BDT" duration-ms="138304">
      <class name="test.com.TextExecution">
        <test-method is-config="true" signature="openBrowser()[pri:0, instance:test.com.TextExecution@e350b40]" started-at="2023-02-02T22:53:22 BDT" name="openBrowser" finished-at="2023-02-02T22:53:26 BDT" duration-ms="3851" status="PASS">
          <reporter-output>
          </reporter-output>
        </test-method> <!-- openBrowser -->
        <test-method signature="lunchURL()[pri:1, instance:test.com.TextExecution@e350b40]" started-at="2023-02-02T22:53:26 BDT" name="lunchURL" finished-at="2023-02-02T22:54:09 BDT" duration-ms="42638" status="PASS">
          <reporter-output>
          </reporter-output>
        </test-method> <!-- lunchURL -->
        <test-method signature="loginToSite()[pri:0, instance:test.com.TextExecution@e350b40]" started-at="2023-02-02T22:54:09 BDT" name="loginToSite" finished-at="2023-02-02T22:54:11 BDT" depends-on-methods="test.com.TextExecution.lunchURL" duration-ms="2399" status="PASS">
          <reporter-output>
          </reporter-output>
        </test-method> <!-- loginToSite -->
        <test-method signature="addEmployee()[pri:0, instance:test.com.TextExecution@e350b40]" started-at="2023-02-02T22:54:11 BDT" name="addEmployee" finished-at="2023-02-02T22:55:13 BDT" depends-on-methods="test.com.TextExecution.loginToSite" duration-ms="61592" status="PASS">
          <reporter-output>
          </reporter-output>
        </test-method> <!-- addEmployee -->
        <test-method signature="openDirectory()[pri:0, instance:test.com.TextExecution@e350b40]" started-at="2023-02-02T22:55:13 BDT" name="openDirectory" finished-at="2023-02-02T22:55:19 BDT" depends-on-methods="test.com.TextExecution.addEmployee" duration-ms="6381" status="PASS">
          <reporter-output>
          </reporter-output>
        </test-method> <!-- openDirectory -->
        <test-method signature="setSearchCriteria()[pri:0, instance:test.com.TextExecution@e350b40]" started-at="2023-02-02T22:55:19 BDT" name="setSearchCriteria" finished-at="2023-02-02T22:55:33 BDT" depends-on-methods="test.com.TextExecution.openDirectory" duration-ms="13628" status="PASS">
          <reporter-output>
          </reporter-output>
        </test-method> <!-- setSearchCriteria -->
        <test-method signature="performSearch()[pri:0, instance:test.com.TextExecution@e350b40]" started-at="2023-02-02T22:55:33 BDT" name="performSearch" finished-at="2023-02-02T22:55:38 BDT" depends-on-methods="test.com.TextExecution.setSearchCriteria" duration-ms="5110" status="PASS">
          <reporter-output>
          </reporter-output>
        </test-method> <!-- performSearch -->
        <test-method signature="verifySearch()[pri:0, instance:test.com.TextExecution@e350b40]" started-at="2023-02-02T22:55:38 BDT" name="verifySearch" finished-at="2023-02-02T22:55:40 BDT" depends-on-methods="test.com.TextExecution.performSearch" duration-ms="2262" status="FAIL">
          <exception class="java.lang.AssertionError">
            <message>
              <![CDATA[Work Email Not Matched expected [true] but found [false]]]>
            </message>
            <full-stacktrace>
              <![CDATA[java.lang.AssertionError: Work Email Not Matched expected [true] but found [false]
at org.testng.Assert.fail(Assert.java:110)
at org.testng.Assert.failNotEquals(Assert.java:1577)
at org.testng.Assert.assertTrue(Assert.java:56)
at page.com.DirectoryPage.verifySeach(DirectoryPage.java:81)
at test.com.TextExecution.verifySearch(TextExecution.java:95)
at java.base/jdk.internal.reflect.NativeMethodAccessorImpl.invoke0(Native Method)
at java.base/jdk.internal.reflect.NativeMethodAccessorImpl.invoke(NativeMethodAccessorImpl.java:77)
at java.base/jdk.internal.reflect.DelegatingMethodAccessorImpl.invoke(DelegatingMethodAccessorImpl.java:43)
at java.base/java.lang.reflect.Method.invoke(Method.java:568)
at org.testng.internal.invokers.MethodInvocationHelper.invokeMethod(MethodInvocationHelper.java:139)
at org.testng.internal.invokers.TestInvoker.invokeMethod(TestInvoker.java:677)
at org.testng.internal.invokers.TestInvoker.invokeTestMethod(TestInvoker.java:221)
at org.testng.internal.invokers.MethodRunner.runInSequence(MethodRunner.java:50)
at org.testng.internal.invokers.TestInvoker$MethodInvocationAgent.invoke(TestInvoker.java:969)
at org.testng.internal.invokers.TestInvoker.invokeTestMethods(TestInvoker.java:194)
at org.testng.internal.invokers.TestMethodWorker.invokeTestMethods(TestMethodWorker.java:148)
at org.testng.internal.invokers.TestMethodWorker.run(TestMethodWorker.java:128)
at java.base/java.util.ArrayList.forEach(ArrayList.java:1511)
at org.testng.TestRunner.privateRun(TestRunner.java:829)
at org.testng.TestRunner.run(TestRunner.java:602)
at org.testng.SuiteRunner.runTest(SuiteRunner.java:437)
at org.testng.SuiteRunner.runSequentially(SuiteRunner.java:431)
at org.testng.SuiteRunner.privateRun(SuiteRunner.java:391)
at org.testng.SuiteRunner.run(SuiteRunner.java:330)
at org.testng.SuiteRunnerWorker.runSuite(SuiteRunnerWorker.java:52)
at org.testng.SuiteRunnerWorker.run(SuiteRunnerWorker.java:95)
at org.testng.TestNG.runSuitesSequentially(TestNG.java:1256)
at org.testng.TestNG.runSuitesLocally(TestNG.java:1176)
at org.testng.TestNG.runSuites(TestNG.java:1099)
at org.testng.TestNG.run(TestNG.java:1067)
at org.testng.remote.AbstractRemoteTestNG.run(AbstractRemoteTestNG.java:115)
at org.testng.remote.RemoteTestNG.initAndRun(RemoteTestNG.java:251)
at org.testng.remote.RemoteTestNG.main(RemoteTestNG.java:77)
]]>
            </full-stacktrace>
          </exception> <!-- java.lang.AssertionError -->
          <reporter-output>
          </reporter-output>
        </test-method> <!-- verifySearch -->
        <test-method is-config="true" signature="closeBrowser()[pri:0, instance:test.com.TextExecution@e350b40]" started-at="2023-02-02T22:55:40 BDT" name="closeBrowser" finished-at="2023-02-02T22:55:41 BDT" duration-ms="301" status="PASS">
          <reporter-output>
          </reporter-output>
        </test-method> <!-- closeBrowser -->
      </class> <!-- test.com.TextExecution -->
    </test> <!-- Test -->
  </suite> <!-- Suite -->
</testng-results>
